0 info it worked if it ends with ok
1 verbose cli [ 'node', '/bin/npm', 'install', 'auth0-angular' ]
2 info using npm@3.3.10
3 info using node@v0.10.36
4 verbose node symlink /bin/node
5 silly loadCurrentTree Starting
6 silly install loadCurrentTree
7 silly install readLocalPackageData
8 silly fetchPackageMetaData auth0-angular
9 silly fetchNamedPackageData auth0-angular
10 silly mapToRegistry name auth0-angular
11 silly mapToRegistry using default registry
12 silly mapToRegistry registry https://registry.npmjs.org/
13 silly mapToRegistry uri https://registry.npmjs.org/auth0-angular
14 verbose request uri https://registry.npmjs.org/auth0-angular
15 verbose request no auth needed
16 info attempt registry request try #1 at 11:07:54
17 verbose request id a01f4f3032a1175f
18 http request GET https://registry.npmjs.org/auth0-angular
19 info retry will retry, error on last attempt: Error: tunneling socket could not be established, cause=connect ECONNREFUSED
20 info attempt registry request try #2 at 11:08:04
21 http request GET https://registry.npmjs.org/auth0-angular
22 info retry will retry, error on last attempt: Error: tunneling socket could not be established, cause=connect ECONNREFUSED
23 info attempt registry request try #3 at 11:09:04
24 http request GET https://registry.npmjs.org/auth0-angular
25 silly fetchPackageMetaData Error: tunneling socket could not be established, cause=connect ECONNREFUSED
25 silly fetchPackageMetaData     at ClientRequest.onError (/usr/lib/node_modules/npm/node_modules/request/node_modules/tunnel-agent/index.js:174:17)
25 silly fetchPackageMetaData     at ClientRequest.g (events.js:180:16)
25 silly fetchPackageMetaData     at ClientRequest.emit (events.js:95:17)
25 silly fetchPackageMetaData     at Socket.socketErrorListener (http.js:1552:9)
25 silly fetchPackageMetaData     at Socket.emit (events.js:95:17)
25 silly fetchPackageMetaData     at net.js:441:14
25 silly fetchPackageMetaData     at process._tickCallback (node.js:442:13)
25 silly fetchPackageMetaData  error for auth0-angular { [Error: tunneling socket could not be established, cause=connect ECONNREFUSED] code: 'ECONNRESET' }
26 silly rollbackFailedOptional Starting
27 silly rollbackFailedOptional Finishing
28 silly runTopLevelLifecycles Starting
29 silly runTopLevelLifecycles Finishing
30 silly install printInstalled
31 verbose stack Error: tunneling socket could not be established, cause=connect ECONNREFUSED
31 verbose stack     at ClientRequest.onError (/usr/lib/node_modules/npm/node_modules/request/node_modules/tunnel-agent/index.js:174:17)
31 verbose stack     at ClientRequest.g (events.js:180:16)
31 verbose stack     at ClientRequest.emit (events.js:95:17)
31 verbose stack     at Socket.socketErrorListener (http.js:1552:9)
31 verbose stack     at Socket.emit (events.js:95:17)
31 verbose stack     at net.js:441:14
31 verbose stack     at process._tickCallback (node.js:442:13)
32 verbose cwd /home/cdreyfus/Work/Projets_en_cours/ENT/mesEssais/entCecile
33 error Linux 4.2.3-200.fc22.x86_64
34 error argv "node" "/bin/npm" "install" "auth0-angular"
35 error node v0.10.36
36 error npm  v3.3.10
37 error code ECONNRESET
38 error network tunneling socket could not be established, cause=connect ECONNREFUSED
38 error network This is most likely not a problem with npm itself
38 error network and is related to network connectivity.
38 error network In most cases you are behind a proxy or have bad network settings.
38 error network
38 error network If you are behind a proxy, please make sure that the
38 error network 'proxy' config is set properly.  See: 'npm help config'
39 verbose exit [ 1, true ]
